Build started 2016/1/16 下午 11:29:39.
     1>Project "C:\Users\MIAT\Desktop\影像處理\104522065 張翔\programs\car_counting\car_counting\car_counting.vcxproj" on node 2 (build target(s)).
     1>InitializeBuildStatus:
         Creating "Debug\car_counting.unsuccessfulbuild" because "AlwaysCreate" was specified.
       ClCompile:
         c:\Program Files (x86)\Microsoft Visual Studio 10.0\VC\bin\CL.exe /c /ZI /nologo /W3 /WX- /Od /Oy- /D WIN32 /D _DEBUG /D _CONSOLE /D _UNICODE /D UNICODE /Gm /EHsc /RTC1 /MDd /GS /fp:precise /Zc:wchar_t /Zc:forScope /Fo"Debug\\" /Fd"Debug\vc100.pdb" /Gd /TP /analyze- /errorReport:prompt car_counting.cpp
         car_counting.cpp
     1>c:\users\miat\desktop\影像處理\104522065 張翔\programs\car_counting\car_counting\car_counting.cpp(114): warning C4244: 'initializing' : conversion from 'double' to 'const int', possible loss of data
     1>c:\users\miat\desktop\影像處理\104522065 張翔\programs\car_counting\car_counting\car_counting.cpp(115): warning C4244: 'initializing' : conversion from 'double' to 'const int', possible loss of data
     1>c:\users\miat\desktop\影像處理\104522065 張翔\programs\car_counting\car_counting\car_counting.cpp(149): warning C4244: 'argument' : conversion from 'double' to 'int', possible loss of data
     1>c:\users\miat\desktop\影像處理\104522065 張翔\programs\car_counting\car_counting\car_counting.cpp(153): warning C4244: 'argument' : conversion from 'double' to 'int', possible loss of data
     1>c:\users\miat\desktop\影像處理\104522065 張翔\programs\car_counting\car_counting\car_counting.cpp(153): warning C4244: 'argument' : conversion from 'double' to 'int', possible loss of data
     1>c:\users\miat\desktop\影像處理\104522065 張翔\programs\car_counting\car_counting\car_counting.cpp(234): warning C4244: '=' : conversion from 'const double' to 'int', possible loss of data
     1>c:\users\miat\desktop\影像處理\104522065 張翔\programs\car_counting\car_counting\car_counting.cpp(367): warning C4305: 'initializing' : truncation from 'double' to 'const float'
     1>c:\users\miat\desktop\影像處理\104522065 張翔\programs\car_counting\car_counting\car_counting.cpp(754): warning C4018: '<' : signed/unsigned mismatch
     1>c:\users\miat\desktop\影像處理\104522065 張翔\programs\car_counting\car_counting\car_counting.cpp(774): warning C4018: '<' : signed/unsigned mismatch
       ManifestResourceCompile:
         All outputs are up-to-date.
       Link:
         c:\Program Files (x86)\Microsoft Visual Studio 10.0\VC\bin\link.exe /ERRORREPORT:PROMPT /OUT:"C:\Users\MIAT\Desktop\影像處理\104522065 張翔\programs\car_counting\Debug\car_counting.exe" /INCREMENTAL /NOLOGO opencv_calib3d2411d.lib opencv_contrib2411d.lib opencv_core2411d.lib opencv_features2d2411d.lib opencv_flann2411d.lib opencv_gpu2411d.lib opencv_highgui2411d.lib opencv_imgproc2411d.lib opencv_legacy2411d.lib opencv_ml2411d.lib opencv_nonfree2411d.lib opencv_objdetect2411d.lib opencv_ocl2411d.lib opencv_photo2411d.lib opencv_stitching2411d.lib opencv_superres2411d.lib opencv_ts2411d.lib opencv_video2411d.lib opencv_videostab2411d.lib kernel32.lib user32.lib gdi32.lib winspool.lib comdlg32.lib advapi32.lib shell32.lib ole32.lib oleaut32.lib uuid.lib odbc32.lib odbccp32.lib /MANIFEST /ManifestFile:"Debug\car_counting.exe.intermediate.manifest" /MANIFESTUAC:"level='asInvoker' uiAccess='false'" /DEBUG /PDB:"C:\Users\MIAT\Desktop\影像處理\104522065 張翔\programs\car_counting\Debug\car_counting.pdb" /SUBSYSTEM:CONSOLE /TLBID:1 /DYNAMICBASE /NXCOMPAT /IMPLIB:"C:\Users\MIAT\Desktop\影像處理\104522065 張翔\programs\car_counting\Debug\car_counting.lib" /MACHINE:X86 Debug\car_counting.exe.embed.manifest.res
         Debug\car_counting.obj
       Manifest:
         c:\Program Files (x86)\Microsoft SDKs\Windows\v7.0A\bin\mt.exe /nologo /verbose /out:"Debug\car_counting.exe.embed.manifest" /manifest Debug\car_counting.exe.intermediate.manifest
         All outputs are up-to-date.
       LinkEmbedManifest:
         All outputs are up-to-date.
         car_counting.vcxproj -> C:\Users\MIAT\Desktop\影像處理\104522065 張翔\programs\car_counting\Debug\car_counting.exe
       FinalizeBuildStatus:
         Deleting file "Debug\car_counting.unsuccessfulbuild".
         Touching "Debug\car_counting.lastbuildstate".
     1>Done Building Project "C:\Users\MIAT\Desktop\影像處理\104522065 張翔\programs\car_counting\car_counting\car_counting.vcxproj" (build target(s)).

Build succeeded.

Time Elapsed 00:00:01.12
